  [1m[35m (102.1ms)[0m  [1m[35mCREATE DATABASE "memoria_development" ENCODING = 'unicode' /*application='Memoria'*/[0m
[Memoria] VAULT_ROOT: /home/rira/memoria-vaults
[Memoria] VAULT_ROOT: /home/rira/memoria-vaults
[Memoria] VAULT_ROOT: /home/rira/memoria-vaults
[Memoria] VAULT_ROOT: /home/rira/memoria-vaults
[Memoria] VAULT_ROOT: /home/rira/memoria-vaults
[Memoria] VAULT_ROOT: /home/rira/memoria-vaults
[Memoria] VAULT_ROOT: /home/rira/memoria-vaults
  [1m[35m (156.7ms)[0m  [1m[35mCREATE DATABASE "memoria_development" ENCODING = 'unicode' /*application='Memoria'*/[0m
[Memoria] VAULT_ROOT: /home/rira/memoria-vaults
  [1m[35mSQL (0.8ms)[0m  [1m[35mSET search_path TO public /*application='Memoria'*/[0m
  [1m[35m (497.2ms)[0m  [1m[35mCREATE DATABASE "memoria_development" ENCODING = 'unicode' /*application='Memoria'*/[0m
  [1m[35m (101.4ms)[0m  [1m[35mCREATE DATABASE "memoria_test" ENCODING = 'unicode' /*application='Memoria'*/[0m
[Memoria] VAULT_ROOT: /home/rira/memoria-vaults
  [1m[35mSQL (0.1ms)[0m  [1m[35mSET search_path TO public /*application='Memoria'*/[0m
  [1m[35m (14.5ms)[0m  [1m[35mCREATE DATABASE "memoria_development" ENCODING = 'unicode' /*application='Memoria'*/[0m
  [1m[35mSQL (0.2ms)[0m  [1m[35mSET search_path TO public /*application='Memoria'*/[0m
  [1m[35m (330.4ms)[0m  [1m[35mCREATE DATABASE "memoria_test" ENCODING = 'unicode' /*application='Memoria'*/[0m
  [1m[35m (21.7ms)[0m  [1m[35mCREATE TABLE "schema_migrations" ("version" character varying NOT NULL PRIMARY KEY) /*application='Memoria'*/[0m
  [1m[35m (15.9ms)[0m  [1m[35mCREATE TABLE "ar_internal_metadata" ("key" character varying NOT NULL PRIMARY KEY, "value" character varying, "created_at" timestamp(6) NOT NULL, "updated_at" timestamp(6) NOT NULL) /*application='Memoria'*/[0m
  [1m[35m (0.3ms)[0m  [1m[34mSELECT pg_try_advisory_lock(8057887193009906070) /*application='Memoria'*/[0m
  [1m[36mActiveRecord::SchemaMigration Load (0.8ms)[0m  [1m[34mSELECT "schema_migrations"."version" FROM "schema_migrations" ORDER BY "schema_migrations"."version" ASC /*application='Memoria'*/[0m
  [1m[36mActiveRecord::InternalMetadata Load (1.0ms)[0m  [1m[34mSELECT * FROM "ar_internal_metadata" WHERE "ar_internal_metadata"."key" = 'environment' ORDER BY "ar_internal_metadata"."key" ASC LIMIT 1 /*application='Memoria'*/[0m
  [1m[36mActiveRecord::InternalMetadata Create (3.3ms)[0m  [1m[32mINSERT INTO "ar_internal_metadata" ("key", "value", "created_at", "updated_at") VALUES ('environment', 'development', '2026-04-04 09:46:13.716153', '2026-04-04 09:46:13.716157') RETURNING "key" /*application='Memoria'*/[0m
Migrating to CreateUsers (20260404093044)
  [1m[36mTRANSACTION (0.2ms)[0m  [1m[35mBEGIN /*application='Memoria'*/[0m
  [1m[35m (19.2ms)[0m  [1m[35mCREATE TABLE "users" ("id" bigserial primary key, "email" character varying NOT NULL, "api_token" character varying NOT NULL, "daily_budget_yen" integer DEFAULT 100, "created_at" timestamp(6) NOT NULL, "updated_at" timestamp(6) NOT NULL) /*application='Memoria'*/[0m
  [1m[35m (6.9ms)[0m  [1m[35mCREATE UNIQUE INDEX "index_users_on_email" ON "users" ("email") /*application='Memoria'*/[0m
  [1m[35m (6.5ms)[0m  [1m[35mCREATE UNIQUE INDEX "index_users_on_api_token" ON "users" ("api_token") /*application='Memoria'*/[0m
  [1m[36mActiveRecord::SchemaMigration Create (0.7ms)[0m  [1m[32mINSERT INTO "schema_migrations" ("version") VALUES ('20260404093044') RETURNING "version" /*application='Memoria'*/[0m
  [1m[36mTRANSACTION (2.7ms)[0m  [1m[35mCOMMIT /*application='Memoria'*/[0m
Migrating to CreateCharacters (20260404093045)
  [1m[36mTRANSACTION (0.4ms)[0m  [1m[35mBEGIN /*application='Memoria'*/[0m
  [1m[35m (15.9ms)[0m  [1m[35mCREATE TABLE "characters" ("id" bigserial primary key, "user_id" bigint NOT NULL, "name" character varying NOT NULL, "system_prompt" text, "vault_dir_name" character varying NOT NULL, "thinking_loop_enabled" boolean DEFAULT FALSE, "thinking_loop_interval_minutes" integer DEFAULT 30, "created_at" timestamp(6) NOT NULL, "updated_at" timestamp(6) NOT NULL, CONSTRAINT "fk_rails_53a8ea746c"
FOREIGN KEY ("user_id")
  REFERENCES "users" ("id")
) /*application='Memoria'*/[0m
  [1m[35m (6.6ms)[0m  [1m[35mCREATE INDEX "index_characters_on_user_id" ON "characters" ("user_id") /*application='Memoria'*/[0m
  [1m[36mActiveRecord::SchemaMigration Create (0.3ms)[0m  [1m[32mINSERT INTO "schema_migrations" ("version") VALUES ('20260404093045') RETURNING "version" /*application='Memoria'*/[0m
  [1m[36mTRANSACTION (4.0ms)[0m  [1m[35mCOMMIT /*application='Memoria'*/[0m
  [1m[35m (0.5ms)[0m  [1m[34mSELECT pg_advisory_unlock(8057887193009906070) /*application='Memoria'*/[0m
  [1m[36mActiveRecord::SchemaMigration Load (0.3ms)[0m  [1m[34mSELECT "schema_migrations"."version" FROM "schema_migrations" ORDER BY "schema_migrations"."version" ASC /*application='Memoria'*/[0m
  [1m[35mSQL (0.1ms)[0m  [1m[35mSET search_path TO public /*application='Memoria'*/[0m
  [1m[35mSQL (0.3ms)[0m  [1m[35mSET search_path TO "$user", public /*application='Memoria'*/[0m
  [1m[35mSQL (0.2ms)[0m  [1m[35mSET search_path TO public /*application='Memoria'*/[0m
  [1m[35mSQL (0.1ms)[0m  [1m[35mSET search_path TO "$user", public /*application='Memoria'*/[0m
  [1m[36mActiveRecord::SchemaMigration Load (0.2ms)[0m  [1m[34mSELECT "schema_migrations"."version" FROM "schema_migrations" ORDER BY "schema_migrations"."version" ASC /*application='Memoria'*/[0m
  [1m[36mUser Load (0.6ms)[0m  [1m[34mSELECT "users".* FROM "users" WHERE "users"."email" = 'user@example.com' LIMIT 1 /*application='Memoria'*/[0m
  [1m[36mTRANSACTION (0.2ms)[0m  [1m[35mBEGIN /*application='Memoria'*/[0m
  [1m[36mUser Exists? (0.4ms)[0m  [1m[34mSELECT 1 AS one FROM "users" WHERE "users"."email" = 'user@example.com' LIMIT 1 /*application='Memoria'*/[0m
  [1m[36mUser Create (0.6ms)[0m  [1m[32mINSERT INTO "users" ("email", "api_token", "daily_budget_yen", "created_at", "updated_at") VALUES ('user@example.com', 'MUUvpqGc6jEx9xa4op2sFTUx', 100, '2026-04-04 09:46:13.958986', '2026-04-04 09:46:13.958986') RETURNING "id" /*application='Memoria'*/[0m
  [1m[36mTRANSACTION (2.9ms)[0m  [1m[35mCOMMIT /*application='Memoria'*/[0m
  [1m[36mCharacter Load (0.7ms)[0m  [1m[34mSELECT "characters".* FROM "characters" WHERE "characters"."user_id" = 1 AND "characters"."name" = 'ハル' LIMIT 1 /*application='Memoria'*/[0m
  [1m[36mTRANSACTION (0.4ms)[0m  [1m[35mBEGIN /*application='Memoria'*/[0m
  [1m[36mCharacter Create (3.0ms)[0m  [1m[32mINSERT INTO "characters" ("user_id", "name", "system_prompt", "vault_dir_name", "thinking_loop_enabled", "thinking_loop_interval_minutes", "created_at", "updated_at") VALUES (1, 'ハル', 'キャラクター名は環境変数で設定。
ユーザーの友達のような存在。明るく好奇心旺盛で、でも相手の気持ちをちゃんと汲み取れる。
一人称は「私」。ユーザーのことは「マスター」と呼ぶ。
', 'char_a7ab519b', FALSE, 30, '2026-04-04 09:46:13.998671', '2026-04-04 09:46:13.998671') RETURNING "id" /*application='Memoria'*/[0m
  [1m[36mTRANSACTION (2.8ms)[0m  [1m[35mCOMMIT /*application='Memoria'*/[0m
[Memoria] VAULT_ROOT: /home/rira/memoria-vaults
  [1m[36mActiveRecord::SchemaMigration Load (0.9ms)[0m  [1m[34mSELECT "schema_migrations"."version" FROM "schema_migrations" ORDER BY "schema_migrations"."version" ASC /*application='Memoria'*/[0m
